#
# There is insufficient memory for the Java Runtime Environment to continue.
# Native memory allocation (mmap) failed to map 429916160 bytes for G1 virtual space
# Possible reasons:
#   The system is out of physical RAM or swap space
#   The process is running with CompressedOops enabled, and the Java Heap may be blocking the growth of the native heap
# Possible solutions:
#   Reduce memory load on the system
#   Increase physical memory or swap space
#   Check if swap backing store is full
#   Decrease Java heap size (-Xmx/-Xms)
#   Decrease number of Java threads
#   Decrease Java thread stack sizes (-Xss)
#   Set larger code cache with -XX:ReservedCodeCacheSize=
#   JVM is running with Zero Based Compressed Oops mode in which the Java heap is
#     placed in the first 32GB address space. The Java Heap base address is the
#     maximum limit for the native heap growth. Please use -XX:HeapBaseMinAddress
#     to set the Java Heap base and to place the Java Heap above 32GB virtual address.
# This output file may be truncated or incomplete.
#
#  Out of Memory Error (os_windows.cpp:3552), pid=18672, tid=25080
#
# JRE version: Java(TM) SE Runtime Environment (17.0.9+11) (build 17.0.9+11-LTS-201)
# Java VM: Java HotSpot(TM) 64-Bit Server VM (17.0.9+11-LTS-201, mixed mode, sharing, tiered, compressed oops, compressed class ptrs, g1 gc, windows-amd64)
# No core dump will be written. Minidumps are not enabled by default on client versions of Windows
#

---------------  S U M M A R Y ------------

Command Line: -Dvisualvm.id=837904389355500 -ea -Didea.test.cyclic.buffer.size=1048576 -javaagent:C:\Program Files\JetBrains\IntelliJ IDEA 2022.2.3\lib\idea_rt.jar=33902:C:\Program Files\JetBrains\IntelliJ IDEA 2022.2.3\bin -Dfile.encoding=UTF-8 com.intellij.rt.junit.JUnitStarter -ideVersion5 -junit5 it.V1WriteTaskInternalControllerTest

Host: AMD Ryzen 5 4600H with Radeon Graphics         , 12 cores, 15G,  Windows 10 , 64 bit Build 19041 (10.0.19041.3636)
Time: Sun May 26 11:48:44 2024 RTZ 2 (s 10 , 64 bit Build 19041 (10.0.19041.3636) elapsed time: 31.265323 seconds (0d 0h 0m 31s)

---------------  T H R E A D  ---------------

Current thread (0x0000026119d165d0):  VMThread "VM Thread" [stack: 0x000000c7b1000000,0x000000c7b1100000] [id=25080]

Stack: [0x000000c7b1000000,0x000000c7b1100000]
Native frames: (J=compiled Java code, j=interpreted, Vv=VM code, C=native code)
V  [jvm.dll+0x678a4a]
V  [jvm.dll+0x7d9cfd]
V  [jvm.dll+0x7db60e]
V  [jvm.dll+0x7dbc73]
V  [jvm.dll+0x245e1f]
V  [jvm.dll+0x6758f9]
V  [jvm.dll+0x66a2a2]
V  [jvm.dll+0x303686]
V  [jvm.dll+0x30ac06]
V  [jvm.dll+0x35a48e]
V  [jvm.dll+0x35a6bf]
V  [jvm.dll+0x2da678]
V  [jvm.dll+0x2d8a85]
V  [jvm.dll+0x2d808c]
V  [jvm.dll+0x31b97b]
V  [jvm.dll+0x7e048b]
V  [jvm.dll+0x7e11c4]
V  [jvm.dll+0x7e16dd]
V  [jvm.dll+0x7e1ab4]
V  [jvm.dll+0x7e1b80]
V  [jvm.dll+0x78998a]
V  [jvm.dll+0x677875]
C  [ucrtbase.dll+0x21bb2]
C  [KERNEL32.DLL+0x17344]
C  [ntdll.dll+0x526b1]

VM_Operation (0x000000c7b67fe6a0): G1CollectForAllocation, mode: safepoint, requested by thread 0x000002616d4be180


---------------  P R O C E S S  ---------------

Threads class SMR info:
_java_thread_list=0x0000026160e8c350, length=92, elements={
0x00000261776b8ea0, 0x0000026119d1a0d0, 0x0000026119d1ad50, 0x0000026119d32a00,
0x0000026119d333c0, 0x0000026119d33d80, 0x0000026119d34740, 0x0000026119d354e0,
0x0000026119d3c4b0, 0x0000026119d676f0, 0x000002611a53c960, 0x000002611a6d47c0,
0x000002611a6d83a0, 0x00000261642cb6c0, 0x00000261642cc0e0, 0x00000261642caca0,
0x00000261642cbbd0, 0x00000261642cb1b0, 0x0000026163f014a0, 0x0000026163f00060,
0x0000026163efe200, 0x0000026163f019b0, 0x0000026163f03d20, 0x0000026163efc8b0,
0x0000026163f00f90, 0x0000026163efd7e0, 0x0000026163f01ec0, 0x0000026163f00570,
0x0000026163efdcf0, 0x0000026163f03810, 0x0000026163f00a80, 0x0000026163f02df0,
0x0000026163f023d0, 0x0000026161802340, 0x00000261617ffe10, 0x0000026163eff130,
0x0000026163f04230, 0x0000026163efcdc0, 0x0000026163efd2d0, 0x0000026163f028e0,
0x0000026163effb50, 0x00000261642ca790, 0x000002616d6778e0, 0x000002616d675570,
0x000002616d677df0, 0x000002616d678300, 0x000002616d675060, 0x000002616d678810,
0x000002616d6769b0, 0x000002616d675a80, 0x000002616d675f90, 0x000002616d6764a0,
0x000002616d676ec0, 0x000002616d6773d0, 0x000002616d4beba0, 0x000002616d4b8b70,
0x000002616d4bcd40, 0x000002616d4ba9d0, 0x000002616d4b8150, 0x000002616d4bb900,
0x000002616d4bc320, 0x000002616d4bf0b0, 0x000002616d4b9080, 0x000002616d4b9590,
0x000002616d4b9fb0, 0x000002616d4bdc70, 0x000002616d4bd760, 0x000002616d4b9aa0,
0x000002616d4bc830, 0x000002616d4b8660, 0x000002616d4ba4c0, 0x000002616d4baee0,
0x000002616d4bb3f0, 0x000002616d4be180, 0x000002616d4bbe10, 0x000002616d4be690,
0x000002616d4b7c40, 0x000002616d4bf5c0, 0x0000026161bb26e0, 0x0000026161bb0d90,
0x0000026161bb3b20, 0x0000026161bb21d0, 0x0000026161baf440, 0x0000026161bb2bf0,
0x0000026161bb17b0, 0x0000026161bae000, 0x0000026161bafe60, 0x0000026161bacbc0,
0x0000026161bb12a0, 0x0000026161baf950, 0x0000026161bb1cc0, 0x0000026161bae510
}

Java Threads: ( => current thread )
  0x00000261776b8ea0 JavaThread "main" [_thread_blocked, id=3252, stack(0x000000c7b0a00000,0x000000c7b0b00000)]
  0x0000026119d1a0d0 JavaThread "Reference Handler" daemon [_thread_blocked, id=23628, stack(0x000000c7b1100000,0x000000c7b1200000)]
  0x0000026119d1ad50 JavaThread "Finalizer" daemon [_thread_blocked, id=17584, stack(0x000000c7b1200000,0x000000c7b1300000)]
  0x0000026119d32a00 JavaThread "Signal Dispatcher" daemon [_thread_blocked, id=17124, stack(0x000000c7b1300000,0x000000c7b1400000)]
  0x0000026119d333c0 JavaThread "Attach Listener" daemon [_thread_blocked, id=4184, stack(0x000000c7b1400000,0x000000c7b1500000)]
  0x0000026119d33d80 JavaThread "Service Thread" daemon [_thread_blocked, id=18420, stack(0x000000c7b1500000,0x000000c7b1600000)]
  0x0000026119d34740 JavaThread "Monitor Deflation Thread" daemon [_thread_blocked, id=22932, stack(0x000000c7b1600000,0x000000c7b1700000)]
  0x0000026119d354e0 JavaThread "C2 CompilerThread0" daemon [_thread_blocked, id=4984, stack(0x000000c7b1700000,0x000000c7b1800000)]
  0x0000026119d3c4b0 JavaThread "C1 CompilerThread0" daemon [_thread_blocked, id=21720, stack(0x000000c7b1800000,0x000000c7b1900000)]
  0x0000026119d676f0 JavaThread "Sweeper thread" daemon [_thread_blocked, id=21840, stack(0x000000c7b1900000,0x000000c7b1a00000)]
  0x000002611a53c960 JavaThread "Common-Cleaner" daemon [_thread_blocked, id=18444, stack(0x000000c7b1a00000,0x000000c7b1b00000)]
  0x000002611a6d47c0 JavaThread "Monitor Ctrl-Break" daemon [_thread_in_native, id=13176, stack(0x000000c7b1c00000,0x000000c7b1d00000)]
  0x000002611a6d83a0 JavaThread "Notification Thread" daemon [_thread_blocked, id=8316, stack(0x000000c7b1d00000,0x000000c7b1e00000)]
  0x00000261642cb6c0 JavaThread "Thread-3" daemon [_thread_in_native, id=25100, stack(0x000000c7b2c00000,0x000000c7b2d00000)]
  0x00000261642cc0e0 JavaThread "Thread-4" daemon [_thread_in_native, id=7044, stack(0x000000c7b2d00000,0x000000c7b2e00000)]
  0x00000261642caca0 JavaThread "Thread-5" daemon [_thread_in_native, id=23472, stack(0x000000c7b2e00000,0x000000c7b2f00000)]
  0x00000261642cbbd0 JavaThread "Thread-6" daemon [_thread_in_native, id=6452, stack(0x000000c7b2f00000,0x000000c7b3000000)]
  0x00000261642cb1b0 JavaThread "Thread-7" daemon [_thread_in_native, id=18756, stack(0x000000c7b3000000,0x000000c7b3100000)]
  0x0000026163f014a0 JavaThread "Thread-8" daemon [_thread_in_native, id=10900, stack(0x000000c7b3100000,0x000000c7b3200000)]
  0x0000026163f00060 JavaThread "Thread-9" daemon [_thread_in_native, id=5416, stack(0x000000c7b3200000,0x000000c7b3300000)]
  0x0000026163efe200 JavaThread "Thread-10" daemon [_thread_in_native, id=20652, stack(0x000000c7b3300000,0x000000c7b3400000)]
  0x0000026163f019b0 JavaThread "Thread-11" daemon [_thread_in_native, id=17212, stack(0x000000c7b3400000,0x000000c7b3500000)]
  0x0000026163f03d20 JavaThread "Thread-12" daemon [_thread_in_native, id=17056, stack(0x000000c7b3500000,0x000000c7b3600000)]
  0x0000026163efc8b0 JavaThread "Thread-13" daemon [_thread_in_native, id=8968, stack(0x000000c7b3600000,0x000000c7b3700000)]
  0x0000026163f00f90 JavaThread "Thread-14" daemon [_thread_in_native, id=25576, stack(0x000000c7b3700000,0x000000c7b3800000)]
  0x0000026163efd7e0 JavaThread "Thread-15" daemon [_thread_in_native, id=18732, stack(0x000000c7b3800000,0x000000c7b3900000)]
  0x0000026163f01ec0 JavaThread "Thread-20" daemon [_thread_blocked, id=21628, stack(0x000000c7b1f00000,0x000000c7b2000000)]
  0x0000026163f00570 JavaThread "Thread-21" daemon [_thread_blocked, id=18620, stack(0x000000c7b2400000,0x000000c7b2500000)]
  0x0000026163efdcf0 JavaThread "testcontainers-ryuk" daemon [_thread_blocked, id=21524, stack(0x000000c7b1b00000,0x000000c7b1c00000)]
  0x0000026163f03810 JavaThread "testcontainers-wait-0" daemon [_thread_blocked, id=14412, stack(0x000000c7b3a00000,0x000000c7b3b00000)]
  0x0000026163f00a80 JavaThread "testcontainers-wait-1" daemon [_thread_blocked, id=8132, stack(0x000000c7b3b00000,0x000000c7b3c00000)]
  0x0000026163f02df0 JavaThread "ForkJoinPool.commonPool-worker-1" daemon [_thread_blocked, id=24732, stack(0x000000c7b3d00000,0x000000c7b3e00000)]
  0x0000026163f023d0 JavaThread "HikariPool-1 housekeeper" daemon [_thread_blocked, id=19884, stack(0x000000c7b4000000,0x000000c7b4100000)]
  0x0000026161802340 JavaThread "C2 CompilerThread1" daemon [_thread_blocked, id=3564, stack(0x000000c7b3c00000,0x000000c7b3d00000)]
  0x00000261617ffe10 JavaThread "C2 CompilerThread2" daemon [_thread_blocked, id=15712, stack(0x000000c7b3e00000,0x000000c7b3f00000)]
  0x0000026163eff130 JavaThread "BufferPoolPruner-1-thread-1" daemon [_thread_blocked, id=18792, stack(0x000000c7b4200000,0x000000c7b4300000)]
  0x0000026163f04230 JavaThread "cluster-ClusterId{value='6652f767945756426878c17a', description='null'}-localhost:33908" daemon [_thread_in_native, id=24996, stack(0x000000c7b4300000,0x000000c7b4400000)]
  0x0000026163efcdc0 JavaThread "cluster-rtt-ClusterId{value='6652f767945756426878c17a', description='null'}-localhost:33908" daemon [_thread_blocked, id=21684, stack(0x000000c7b4400000,0x000000c7b4500000)]
  0x0000026163efd2d0 JavaThread "MaintenanceTimer-2-thread-1" daemon [_thread_blocked, id=3664, stack(0x000000c7b4500000,0x000000c7b4600000)]
  0x0000026163f028e0 JavaThread "Thread-23" daemon [_thread_in_native, id=21988, stack(0x000000c7b4100000,0x000000c7b4200000)]
  0x0000026163effb50 JavaThread "redisson-netty-2-1" [_thread_in_native, id=23204, stack(0x000000c7b4600000,0x000000c7b4700000)]
  0x00000261642ca790 JavaThread "redisson-netty-2-2" [_thread_in_native, id=2928, stack(0x000000c7b4700000,0x000000c7b4800000)]
  0x000002616d6778e0 JavaThread "redisson-netty-2-3" [_thread_in_native, id=6280, stack(0x000000c7b4800000,0x000000c7b4900000)]
  0x000002616d675570 JavaThread "redisson-netty-2-4" [_thread_in_native, id=20520, stack(0x000000c7b4900000,0x000000c7b4a00000)]
  0x000002616d677df0 JavaThread "redisson-timer-4-1" [_thread_blocked, id=7824, stack(0x000000c7b4a00000,0x000000c7b4b00000)]
  0x000002616d678300 JavaThread "redisson-netty-2-5" [_thread_in_native, id=11560, stack(0x000000c7b4b00000,0x000000c7b4c00000)]
  0x000002616d675060 JavaThread "redisson-netty-2-6" [_thread_in_native, id=13308, stack(0x000000c7b4c00000,0x000000c7b4d00000)]
  0x000002616d678810 JavaThread "redisson-netty-2-7" [_thread_in_native, id=808, stack(0x000000c7b4d00000,0x000000c7b4e00000)]
  0x000002616d6769b0 JavaThread "redisson-netty-2-8" [_thread_in_native, id=17464, stack(0x000000c7b4e00000,0x000000c7b4f00000)]
  0x000002616d675a80 JavaThread "redisson-netty-2-9" [_thread_in_native, id=13232, stack(0x000000c7b4f00000,0x000000c7b5000000)]
  0x000002616d675f90 JavaThread "redisson-netty-2-10" [_thread_in_native, id=15140, stack(0x000000c7b5000000,0x000000c7b5100000)]
  0x000002616d6764a0 JavaThread "redisson-netty-2-11" [_thread_in_native, id=13832, stack(0x000000c7b5100000,0x000000c7b5200000)]
  0x000002616d676ec0 JavaThread "redisson-netty-2-12" [_thread_in_native, id=20508, stack(0x000000c7b5200000,0x000000c7b5300000)]
  0x000002616d6773d0 JavaThread "redisson-netty-2-13" [_thread_in_native, id=9752, stack(0x000000c7b5300000,0x000000c7b5400000)]
  0x000002616d4beba0 JavaThread "redisson-netty-2-14" [_thread_in_native, id=372, stack(0x000000c7b5400000,0x000000c7b5500000)]
  0x000002616d4b8b70 JavaThread "redisson-netty-2-15" [_thread_in_native, id=3592, stack(0x000000c7b5500000,0x000000c7b5600000)]
  0x000002616d4bcd40 JavaThread "redisson-netty-2-16" [_thread_in_native, id=2148, stack(0x000000c7b5600000,0x000000c7b5700000)]
  0x000002616d4ba9d0 JavaThread "redisson-netty-2-17" [_thread_in_native, id=25348, stack(0x000000c7b5700000,0x000000c7b5800000)]
  0x000002616d4b8150 JavaThread "redisson-netty-2-18" [_thread_in_native, id=21328, stack(0x000000c7b5800000,0x000000c7b5900000)]
  0x000002616d4bb900 JavaThread "redisson-netty-2-19" [_thread_in_native, id=5040, stack(0x000000c7b5900000,0x000000c7b5a00000)]
  0x000002616d4bc320 JavaThread "redisson-netty-2-20" [_thread_in_native, id=21632, stack(0x000000c7b5a00000,0x000000c7b5b00000)]
  0x000002616d4bf0b0 JavaThread "redisson-netty-2-21" [_thread_in_native, id=22084, stack(0x000000c7b5b00000,0x000000c7b5c00000)]
  0x000002616d4b9080 JavaThread "redisson-netty-2-22" [_thread_in_native, id=20848, stack(0x000000c7b5c00000,0x000000c7b5d00000)]
  0x000002616d4b9590 JavaThread "redisson-netty-2-23" [_thread_in_native, id=18488, stack(0x000000c7b5d00000,0x000000c7b5e00000)]
  0x000002616d4b9fb0 JavaThread "redisson-netty-2-24" [_thread_in_native, id=7184, stack(0x000000c7b5e00000,0x000000c7b5f00000)]
  0x000002616d4bdc70 JavaThread "redisson-netty-2-25" [_thread_in_native, id=13972, stack(0x000000c7b5f00000,0x000000c7b6000000)]
  0x000002616d4bd760 JavaThread "redisson-netty-2-26" [_thread_in_native, id=22376, stack(0x000000c7b6000000,0x000000c7b6100000)]
  0x000002616d4b9aa0 JavaThread "redisson-netty-2-27" [_thread_in_native, id=8400, stack(0x000000c7b6100000,0x000000c7b6200000)]
  0x000002616d4bc830 JavaThread "redisson-netty-2-28" [_thread_in_native, id=3272, stack(0x000000c7b6200000,0x000000c7b6300000)]
  0x000002616d4b8660 JavaThread "redisson-netty-2-29" [_thread_in_native, id=12584, stack(0x000000c7b6300000,0x000000c7b6400000)]
  0x000002616d4ba4c0 JavaThread "redisson-netty-2-30" [_thread_in_native, id=4744, stack(0x000000c7b6400000,0x000000c7b6500000)]
  0x000002616d4baee0 JavaThread "redisson-netty-2-31" [_thread_in_native, id=16508, stack(0x000000c7b6500000,0x000000c7b6600000)]
  0x000002616d4bb3f0 JavaThread "redisson-netty-2-32" [_thread_in_native, id=25516, stack(0x000000c7b6600000,0x000000c7b6700000)]
  0x000002616d4be180 JavaThread "ClassGraph-worker-114" daemon [_thread_blocked, id=19636, stack(0x000000c7b6700000,0x000000c7b6800000)]
  0x000002616d4bbe10 JavaThread "ClassGraph-worker-115" daemon [_thread_blocked, id=13216, stack(0x000000c7b6800000,0x000000c7b6900000)]
  0x000002616d4be690 JavaThread "ClassGraph-worker-116" daemon [_thread_blocked, id=18744, stack(0x000000c7b6900000,0x000000c7b6a00000)]
  0x000002616d4b7c40 JavaThread "ClassGraph-worker-117" daemon [_thread_blocked, id=20216, stack(0x000000c7b6a00000,0x000000c7b6b00000)]
  0x000002616d4bf5c0 JavaThread "ClassGraph-worker-118" daemon [_thread_blocked, id=6648, stack(0x000000c7b6b00000,0x000000c7b6c00000)]
  0x0000026161bb26e0 JavaThread "ClassGraph-worker-119" daemon [_thread_blocked, id=6744, stack(0x000000c7b6c00000,0x000000c7b6d00000)]
  0x0000026161bb0d90 JavaThread "ClassGraph-worker-120" daemon [_thread_blocked, id=16656, stack(0x000000c7b6d00000,0x000000c7b6e00000)]
  0x0000026161bb3b20 JavaThread "ClassGraph-worker-121" daemon [_thread_blocked, id=22708, stack(0x000000c7b6e00000,0x000000c7b6f00000)]
  0x0000026161bb21d0 JavaThread "ClassGraph-worker-122" daemon [_thread_blocked, id=9356, stack(0x000000c7b6f00000,0x000000c7b7000000)]
  0x0000026161baf440 JavaThread "ClassGraph-worker-123" daemon [_thread_blocked, id=13980, stack(0x000000c7b7000000,0x000000c7b7100000)]
  0x0000026161bb2bf0 JavaThread "ClassGraph-worker-124" daemon [_thread_blocked, id=12816, stack(0x000000c7b7100000,0x000000c7b7200000)]
  0x0000026161bb17b0 JavaThread "ClassGraph-worker-125" daemon [_thread_blocked, id=21836, stack(0x000000c7b7200000,0x000000c7b7300000)]
  0x0000026161bae000 JavaThread "ClassGraph-worker-126" daemon [_thread_blocked, id=13944, stack(0x000000c7b7300000,0x000000c7b7400000)]
  0x0000026161bafe60 JavaThread "ClassGraph-worker-127" daemon [_thread_blocked, id=19980, stack(0x000000c7b7400000,0x000000c7b7500000)]
  0x0000026161bacbc0 JavaThread "ClassGraph-worker-128" daemon [_thread_blocked, id=10492, stack(0x000000c7b7500000,0x000000c7b7600000)]
  0x0000026161bb12a0 JavaThread "ClassGraph-worker-129" daemon [_thread_blocked, id=16020, stack(0x000000c7b7600000,0x000000c7b7700000)]
  0x0000026161baf950 JavaThread "ClassGraph-worker-130" daemon [_thread_blocked, id=12268, stack(0x000000c7b7700000,0x000000c7b7800000)]
  0x0000026161bb1cc0 JavaThread "ClassGraph-worker-131" daemon [_thread_blocked, id=9524, stack(0x000000c7b7800000,0x000000c7b7900000)]
  0x0000026161bae510 JavaThread "ClassGraph-worker-132" daemon [_thread_blocked, id=24372, stack(0x000000c7b7900000,0x000000c7b7a00000)]

Other Threads:
=>0x0000026119d165d0 VMThread "VM Thread" [stack: 0x000000c7b1000000,0x000000c7b1100000] [id=25080]
  0x0000026177744910 WatcherThread [stack: 0x000000c7b1e00000,0x000000c7b1f00000] [id=7396]
  0x0000026177722c90 GCTaskThread "GC Thread#0" [stack: 0x000000c7b0b00000,0x000000c7b0c00000] [id=14276]
  0x0000026161270ce0 GCTaskThread "GC Thread#1" [stack: 0x000000c7b2000000,0x000000c7b2100000] [id=19124]
  0x0000026161270fa0 GCTaskThread "GC Thread#2" [stack: 0x000000c7b2100000,0x000000c7b2200000] [id=2492]
  0x000002616026ff90 GCTaskThread "GC Thread#3" [stack: 0x000000c7b2200000,0x000000c7b2300000] [id=9304]
  0x0000026160270250 GCTaskThread "GC Thread#4" [stack: 0x000000c7b2300000,0x000000c7b2400000] [id=20024]
  0x0000026162d2b330 GCTaskThread "GC Thread#5" [stack: 0x000000c7b2500000,0x000000c7b2600000] [id=13036]
  0x0000026162d2cbf0 GCTaskThread "GC Thread#6" [stack: 0x000000c7b2600000,0x000000c7b2700000] [id=19688]
  0x0000026162d2b070 GCTaskThread "GC Thread#7" [stack: 0x000000c7b2700000,0x000000c7b2800000] [id=25596]
  0x0000026162d2be30 GCTaskThread "GC Thread#8" [stack: 0x000000c7b2800000,0x000000c7b2900000] [id=11852]
  0x0000026162d2c670 GCTaskThread "GC Thread#9" [stack: 0x000000c7b2900000,0x000000c7b2a00000] [id=3080]
  0x00000261777331e0 ConcurrentGCThread "G1 Main Marker" [stack: 0x000000c7b0c00000,0x000000c7b0d00000] [id=11680]
  0x0000026177733bf0 ConcurrentGCThread "G1 Conc#0" [stack: 0x000000c7b0d00000,0x000000c7b0e00000] [id=12812]
  0x0000026162d2b8b0 ConcurrentGCThread "G1 Conc#1" [stack: 0x000000c7b2a00000,0x000000c7b2b00000] [id=22252]
  0x0000026162d2c930 ConcurrentGCThread "G1 Conc#2" [stack: 0x000000c7b2b00000,0x000000c7b2c00000] [id=24788]
  0x000002617775d280 ConcurrentGCThread "G1 Refine#0" [stack: 0x000000c7b0e00000,0x000000c7b0f00000] [id=24760]
  0x00000261616d5e90 ConcurrentGCThread "G1 Refine#1" [stack: 0x000000c7b3f00000,0x000000c7b4000000] [id=15796]
  0x0000026119c4e500 ConcurrentGCThread "G1 Service" [stack: 0x000000c7b0f00000,0x000000c7b1000000] [id=17892]

Threads with active compile tasks:
C2 CompilerThread0    31288 9472       4       org.springframework.boot.context.properties.source.PropertyMapper$$Lambda$512/0x000002611c1b86c0::test (12 bytes)
C1 CompilerThread0    31288 10347   !   2       nonapi.io.github.classgraph.concurrency.WorkQueue::runWorkLoop (126 bytes)
C2 CompilerThread1    31288 9470       4       org.springframework.boot.context.properties.source.SystemEnvironmentPropertyMapper::isLegacyAncestorOf (34 bytes)
C2 CompilerThread2    31288 10332   !   4       nonapi.io.github.classgraph.fastzipfilereader.LogicalZipFile::readCentralDirectory (3373 bytes)

VM state: at safepoint (normal execution)

VM Mutex/Monitor currently owned by a thread:  ([mutex/lock_event])
[0x00000261776b5860] Threads_lock - owner thread: 0x0000026119d165d0
[0x00000261776b5080] Heap_lock - owner thread: 0x000002616d4be180

Heap address: 0x000000070a000000, size: 3936 MB, Compressed Oops mode: Zero based, Oop shift amount: 3

CDS archive(s) mapped at: [0x000002611b000000-0x000002611bbd0000-0x000002611bbd0000), size 12386304, SharedBaseAddress: 0x000002611b000000, ArchiveRelocationMode: 1.
Compressed class space mapped at: 0x000002611c000000-0x000002615c000000, reserved size: 1073741824
Narrow klass base: 0x000002611b000000, Narrow klass shift: 0, Narrow klass range: 0x100000000

GC Precious Log:
 CPUs: 12 total, 12 available
 Memory: 15741M
 Large Page Support: Disabled
 NUMA Support: Disabled
 Compressed Oops: Enabled (Zero based)
 Heap Region Size: 2M
 Heap Min Capacity: 8M
 Heap Initial Capacity: 246M
 Heap Max Capacity: 3936M
 Pre-touch: Disabled
 Parallel Workers: 10
 Concurrent Workers: 3
 Concurrent Refinement Workers: 10
 Periodic GC: Disabled

Heap:
 garbage-first heap   total 286720K, used 177408K [0x000000070a000000, 0x0000000800000000)
  region size 2048K, 4 young (8192K), 4 survivors (8192K)
 Metaspace       used 105146K, committed 105728K, reserved 1179648K
  class space    used 14468K, committed 14720K, reserved 1048576K

Heap Regions: E=young(eden), S=young(survivor), O=old, HS=humongous(starts), HC=humongous(continues), CS=collection set, F=free, OA=open archive, CA=closed archive, TAMS=top-at-mark-start (previous, next)
|   0|0x000000070a000000, 0x000000070a200000, 0x000000070a200000|100%|HS|  |TAMS 0x000000070a200000, 0x000000070a200000| Complete 
|   1|0x000000070a200000, 0x000000070a400000, 0x000000070a400000|100%| O|  |TAMS 0x000000070a400000, 0x000000070a400000| Untracked 
|   2|0x000000070a400000, 0x000000070a600000, 0x000000070a600000|100%| O|  |TAMS 0x000000070a600000, 0x000000070a600000| Untracked 
|   3|0x000000070a600000, 0x000000070a800000, 0x000000070a800000|100%| O|  |TAMS 0x000000070a800000, 0x000000070a800000| Untracked 
|   4|0x000000070a800000, 0x000000070aa00000, 0x000000070aa00000|100%| O|  |TAMS 0x000000070aa00000, 0x000000070aa00000| Untracked 
|   5|0x000000070aa00000, 0x000000070ac00000, 0x000000070ac00000|100%| O|  |TAMS 0x000000070ac00000, 0x000000070ac00000| Untracked 
|   6|0x000000070ac00000, 0x000000070ae00000, 0x000000070ae00000|100%| O|  |TAMS 0x000000070ae00000, 0x000000070ae00000| Untracked 
|   7|0x000000070ae00000, 0x000000070b000000, 0x000000070b000000|100%| O|  |TAMS 0x000000070b000000, 0x000000070b000000| Untracked 
|   8|0x000000070b000000, 0x000000070b200000, 0x000000070b200000|100%| O|  |TAMS 0x000000070b200000, 0x000000070b200000| Untracked 
|   9|0x000000070b200000, 0x000000070b400000, 0x000000070b400000|100%| O|  |TAMS 0x000000070b400000, 0x000000070b400000| Untracked 
|  10|0x000000070b400000, 0x000000070b600000, 0x000000070b600000|100%| O|  |TAMS 0x000000070b600000, 0x000000070b600000| Untracked 
|  11|0x000000070b600000, 0x000000070b800000, 0x000000070b800000|100%| O|  |TAMS 0x000000070b800000, 0x000000070b800000| Untracked 
|  12|0x000000070b800000, 0x000000070ba00000, 0x000000070ba00000|100%| O|  |TAMS 0x000000070ba00000, 0x000000070ba00000| Untracked 
|  13|0x000000070ba00000, 0x000000070bb8f000, 0x000000070bc00000| 77%| O|  |TAMS 0x000000070bb8f000, 0x000000070bb8f000| Untracked 
|  14|0x000000070bc00000, 0x000000070be00000, 0x000000070be00000|100%| O|  |TAMS 0x000000070be00000, 0x000000070be00000| Untracked 
|  15|0x000000070be00000, 0x000000070c000000, 0x000000070c000000|100%| O|  |TAMS 0x000000070c000000, 0x000000070c000000| Untracked 
|  16|0x000000070c000000, 0x000000070c200000, 0x000000070c200000|100%| O|  |TAMS 0x000000070c200000, 0x000000070c200000| Untracked 
|  17|0x000000070c200000, 0x000000070c400000, 0x000000070c400000|100%| O|  |TAMS 0x000000070c400000, 0x000000070c400000| Untracked 
|  18|0x000000070c400000, 0x000000070c600000, 0x000000070c600000|100%| O|  |TAMS 0x000000070c600000, 0x000000070c600000| Untracked 
|  19|0x000000070c600000, 0x000000070c800000, 0x000000070c800000|100%| O|  |TAMS 0x000000070c800000, 0x000000070c800000| Untracked 
|  20|0x000000070c800000, 0x000000070ca00000, 0x000000070ca00000|100%| O|  |TAMS 0x000000070ca00000, 0x000000070ca00000| Untracked 
|  21|0x000000070ca00000, 0x000000070cc00000, 0x000000070cc00000|100%| O|  |TAMS 0x000000070cc00000, 0x000000070cc00000| Untracked 
|  22|0x000000070cc00000, 0x000000070ce00000, 0x000000070ce00000|100%| O|  |TAMS 0x000000070ce00000, 0x000000070ce00000| Untracked 
|  23|0x000000070ce00000, 0x000000070d000000, 0x000000070d000000|100%| O|  |TAMS 0x000000070d000000, 0x000000070d000000| Untracked 
|  24|0x000000070d000000, 0x000000070d200000, 0x000000070d200000|100%| O|  |TAMS 0x000000070d200000, 0x000000070d200000| Untracked 
|  25|0x000000070d200000, 0x000000070d400000, 0x000000070d400000|100%| O|  |TAMS 0x000000070d400000, 0x000000070d400000| Untracked 
|  26|0x000000070d400000, 0x000000070d600000, 0x000000070d600000|100%| O|  |TAMS 0x000000070d600000, 0x000000070d600000| Untracked 
|  27|0x000000070d600000, 0x000000070d800000, 0x000000070d800000|100%| O|  |TAMS 0x000000070d800000, 0x000000070d800000| Untracked 
|  28|0x000000070d800000, 0x000000070da00000, 0x000000070da00000|100%| O|  |TAMS 0x000000070da00000, 0x000000070da00000| Untracked 
|  29|0x000000070da00000, 0x000000070dc00000, 0x000000070dc00000|100%| O|  |TAMS 0x000000070dc00000, 0x000000070dc00000| Untracked 
|  30|0x000000070dc00000, 0x000000070de00000, 0x000000070de00000|100%| O|  |TAMS 0x000000070de00000, 0x000000070de00000| Untracked 
|  31|0x000000070de00000, 0x000000070e000000, 0x000000070e000000|100%| O|  |TAMS 0x000000070e000000, 0x000000070e000000| Untracked 
|  32|0x000000070e000000, 0x000000070e200000, 0x000000070e200000|100%| O|  |TAMS 0x000000070e000000, 0x000000070e000000| Untracked 
|  33|0x000000070e200000, 0x000000070e400000, 0x000000070e400000|100%| O|  |TAMS 0x000000070e200000, 0x000000070e200000| Untracked 
|  34|0x000000070e400000, 0x000000070e600000, 0x000000070e600000|100%| O|  |TAMS 0x000000070e600000, 0x000000070e600000| Untracked 
|  35|0x000000070e600000, 0x000000070e800000, 0x000000070e800000|100%| O|  |TAMS 0x000000070e800000, 0x000000070e800000| Untracked 
|  36|0x000000070e800000, 0x000000070ea00000, 0x000000070ea00000|100%| O|  |TAMS 0x000000070e800000, 0x000000070e800000| Untracked 
|  37|0x000000070ea00000, 0x000000070ec00000, 0x000000070ec00000|100%|HS|  |TAMS 0x000000070ea00000, 0x000000070ec00000| Complete 
|  38|0x000000070ec00000, 0x000000070ee00000, 0x000000070ee00000|100%| O|  |TAMS 0x000000070ec00000, 0x000000070ec00000| Untracked 
|  39|0x000000070ee00000, 0x000000070f000000, 0x000000070f000000|100%| O|  |TAMS 0x000000070ee00000, 0x000000070f000000| Untracked 
|  40|0x000000070f000000, 0x000000070f200000, 0x000000070f200000|100%| O|  |TAMS 0x000000070f000000, 0x000000070f000000| Untracked 
|  41|0x000000070f200000, 0x000000070f400000, 0x000000070f400000|100%| O|  |TAMS 0x000000070f400000, 0x000000070f400000| Untracked 
|  42|0x000000070f400000, 0x000000070f600000, 0x000000070f600000|100%| O|  |TAMS 0x000000070f600000, 0x000000070f600000| Untracked 
|  43|0x000000070f600000, 0x000000070f800000, 0x000000070f800000|100%| O|  |TAMS 0x000000070f800000, 0x000000070f800000| Untracked 
|  44|0x000000070f800000, 0x000000070fa00000, 0x000000070fa00000|100%| O|  |TAMS 0x000000070fa00000, 0x000000070fa00000| Untracked 
|  45|0x000000070fa00000, 0x000000070fc00000, 0x000000070fc00000|100%| O|  |TAMS 0x000000070fc00000, 0x000000070fc00000| Untracked 
|  46|0x000000070fc00000, 0x000000070fe00000, 0x000000070fe00000|100%| O|  |TAMS 0x000000070fe00000, 0x000000070fe00000| Untracked 
|  47|0x000000070fe00000, 0x0000000710000000, 0x0000000710000000|100%| O|  |TAMS 0x0000000710000000, 0x0000000710000000| Untracked 
|  48|0x0000000710000000, 0x0000000710200000, 0x0000000710200000|100%| O|  |TAMS 0x0000000710200000, 0x0000000710200000| Untracked 
|  49|0x0000000710200000, 0x0000000710400000, 0x0000000710400000|100%| O|  |TAMS 0x0000000710200000, 0x0000000710400000| Untracked 
|  50|0x0000000710400000, 0x00000007105b1200, 0x0000000710600000| 84%| O|  |TAMS 0x0000000710400000, 0x0000000710400000| Untracked 
|  51|0x0000000710600000, 0x0000000710800000, 0x0000000710800000|100%| O|  |TAMS 0x0000000710800000, 0x0000000710800000| Untracked 
|  52|0x0000000710800000, 0x0000000710a00000, 0x0000000710a00000|100%| O|  |TAMS 0x0000000710a00000, 0x0000000710a00000| Untracked 
|  53|0x0000000710a00000, 0x0000000710a00000, 0x0000000710c00000|  0%| F|  |TAMS 0x0000000710a00000, 0x0000000710a00000| Untracked 
|  54|0x0000000710c00000, 0x0000000710c00000, 0x0000000710e00000|  0%| F|  |TAMS 0x0000000710c00000, 0x0000000710c00000| Untracked 
|  55|0x0000000710e00000, 0x0000000711000000, 0x0000000711000000|100%| O|  |TAMS 0x0000000710e00000, 0x0000000711000000| Untracked 
|  56|0x0000000711000000, 0x0000000711000000, 0x0000000711200000|  0%| F|  |TAMS 0x0000000711000000, 0x0000000711000000| Untracked 
|  57|0x0000000711200000, 0x0000000711200000, 0x0000000711400000|  0%| F|  |TAMS 0x0000000711200000, 0x0000000711200000| Untracked 
|  58|0x0000000711400000, 0x0000000711600000, 0x0000000711600000|100%| O|  |TAMS 0x0000000711600000, 0x0000000711600000| Untracked 
|  59|0x0000000711600000, 0x0000000711800000, 0x0000000711800000|100%| O|  |TAMS 0x0000000711800000, 0x0000000711800000| Untracked 
|  60|0x0000000711800000, 0x0000000711a00000, 0x0000000711a00000|100%| O|  |TAMS 0x0000000711a00000, 0x0000000711a00000| Untracked 
|  61|0x0000000711a00000, 0x0000000711c00000, 0x0000000711c00000|100%| O|  |TAMS 0x0000000711c00000, 0x0000000711c00000| Untracked 
|  62|0x0000000711c00000, 0x0000000711e00000, 0x0000000711e00000|100%| O|  |TAMS 0x0000000711e00000, 0x0000000711e00000| Untracked 
|  63|0x0000000711e00000, 0x0000000712000000, 0x0000000712000000|100%| O|  |TAMS 0x0000000711fc0400, 0x0000000712000000| Untracked 
|  64|0x0000000712000000, 0x0000000712200000, 0x0000000712200000|100%| O|  |TAMS 0x0000000712000000, 0x0000000712200000| Untracked 
|  65|0x0000000712200000, 0x0000000712400000, 0x0000000712400000|100%| O|  |TAMS 0x0000000712200000, 0x0000000712400000| Untracked 
|  66|0x0000000712400000, 0x0000000712600000, 0x0000000712600000|100%| O|  |TAMS 0x0000000712400000, 0x0000000712600000| Untracked 
|  67|0x0000000712600000, 0x0000000712800000, 0x0000000712800000|100%| O|  |TAMS 0x0000000712600000, 0x0000000712800000| Untracked 
|  68|0x0000000712800000, 0x0000000712a00000, 0x0000000712a00000|100%| O|  |TAMS 0x0000000712800000, 0x0000000712a00000| Untracked 
|  69|0x0000000712a00000, 0x0000000712c00000, 0x0000000712c00000|100%| O|  |TAMS 0x0000000712a00000, 0x0000000712c00000| Untracked 
|  70|0x0000000712c00000, 0x0000000712e00000, 0x0000000712e00000|100%| O|  |TAMS 0x0000000712c00000, 0x0000000712e00000| Untracked 
|  71|0x0000000712e00000, 0x0000000713000000, 0x0000000713000000|100%| O|  |TAMS 0x0000000712e00000, 0x0000000713000000| Untracked 
|  72|0x0000000713000000, 0x0000000713200000, 0x0000000713200000|100%| O|  |TAMS 0x0000000713000000, 0x0000000713200000| Untracked 
|  73|0x0000000713200000, 0x0000000713400000, 0x0000000713400000|100%| O|  |TAMS 0x0000000713200000, 0x0000000713400000| Untracked 
|  74|0x0000000713400000, 0x0000000713600000, 0x0000000713600000|100%| O|  |TAMS 0x0000000713400000, 0x0000000713600000| Untracked 
|  75|0x0000000713600000, 0x0000000713800000, 0x0000000713800000|100%| O|  |TAMS 0x0000000713600000, 0x0000000713800000| Untracked 
|  76|0x0000000713800000, 0x0000000713a00000, 0x0000000713a00000|100%| O|  |TAMS 0x0000000713800000, 0x0000000713a00000| Untracked 
|  77|0x0000000713a00000, 0x0000000713c00000, 0x0000000713c00000|100%| O|  |TAMS 0x0000000713a00000, 0x0000000713c00000| Untracked 
|  78|0x0000000713c00000, 0x0000000713e00000, 0x0000000713e00000|100%| O|  |TAMS 0x0000000713c00000, 0x0000000713e00000| Untracked 
|  79|0x0000000713e00000, 0x0000000714000000, 0x0000000714000000|100%| O|  |TAMS 0x0000000713e00000, 0x0000000714000000| Untracked 
|  80|0x0000000714000000, 0x0000000714200000, 0x0000000714200000|100%| O|  |TAMS 0x0000000714000000, 0x0000000714200000| Untracked 
|  81|0x0000000714200000, 0x0000000714400000, 0x0000000714400000|100%| O|  |TAMS 0x0000000714200000, 0x0000000714400000| Untracked 
|  82|0x0000000714400000, 0x0000000714600000, 0x0000000714600000|100%| O|  |TAMS 0x0000000714400000, 0x0000000714600000| Untracked 
|  83|0x0000000714600000, 0x0000000714800000, 0x0000000714800000|100%| O|  |TAMS 0x0000000714600000, 0x0000000714800000| Untracked 
|  84|0x0000000714800000, 0x0000000714a00000, 0x0000000714a00000|100%| O|  |TAMS 0x0000000714800000, 0x0000000714a00000| Untracked 
|  85|0x0000000714a00000, 0x0000000714c00000, 0x0000000714c00000|100%| O|  |TAMS 0x0000000714a00000, 0x0000000714c00000| Untracked 
|  86|0x0000000714c00000, 0x0000000714e00000, 0x0000000714e00000|100%| O|  |TAMS 0x0000000714c00000, 0x0000000714d7a200| Untracked 
|  87|0x0000000714e00000, 0x0000000714e00000, 0x0000000715000000|  0%| F|  |TAMS 0x0000000714e00000, 0x0000000714e00000| Untracked 
|  88|0x0000000715000000, 0x0000000715000000, 0x0000000715200000|  0%| F|  |TAMS 0x0000000715000000, 0x0000000715000000| Untracked 
|  89|0x0000000715200000, 0x0000000715200000, 0x0000000715400000|  0%| F|  |TAMS 0x0000000715200000, 0x0000000715200000| Untracked 
|  90|0x0000000715400000, 0x0000000715400000, 0x0000000715600000|  0%| F|  |TAMS 0x0000000715400000, 0x0000000715400000| Untracked 
|  91|0x0000000715600000, 0x0000000715600000, 0x0000000715800000|  0%| F|  |TAMS 0x0000000715600000, 0x0000000715600000| Untracked 
|  92|0x0000000715800000, 0x0000000715800000, 0x0000000715a00000|  0%| F|  |TAMS 0x0000000715800000, 0x0000000715800000| Untracked 
|  93|0x0000000715a00000, 0x0000000715a00000, 0x0000000715c00000|  0%| F|  |TAMS 0x0000000715a00000, 0x0000000715a00000| Untracked 
|  94|0x0000000715c00000, 0x0000000715c00000, 0x0000000715e00000|  0%| F|  |TAMS 0x0000000715c00000, 0x0000000715c00000| Untracked 
|  95|0x0000000715e00000, 0x0000000715e00000, 0x0000000716000000|  0%| F|  |TAMS 0x0000000715e00000, 0x0000000715e00000| Untracked 
|  96|0x0000000716000000, 0x0000000716000000, 0x0000000716200000|  0%| F|  |TAMS 0x0000000716000000, 0x0000000716000000| Untracked 
|  97|0x0000000716200000, 0x0000000716200000, 0x0000000716400000|  0%| F|  |TAMS 0x0000000716200000, 0x0000000716200000| Untracked 
|  98|0x0000000716400000, 0x0000000716400000, 0x0000000716600000|  0%| F|  |TAMS 0x0000000716400000, 0x0000000716400000| Untracked 
|  99|0x0000000716600000, 0x0000000716600000, 0x0000000716800000|  0%| F|  |TAMS 0x0000000716600000, 0x0000000716600000| Untracked 
| 100|0x0000000716800000, 0x0000000716800000, 0x0000000716a00000|  0%| F|  |TAMS 0x0000000716800000, 0x0000000716800000| Untracked 
| 101|0x0000000716a00000, 0x0000000716a00000, 0x0000000716c00000|  0%| F|  |TAMS 0x0000000716a00000, 0x0000000716a00000| Untracked 
| 102|0x0000000716c00000, 0x0000000716c00000, 0x0000000716e00000|  0%| F|  |TAMS 0x0000000716c00000, 0x0000000716c00000| Untracked 
| 103|0x0000000716e00000, 0x0000000716e00000, 0x0000000717000000|  0%| F|  |TAMS 0x0000000716e00000, 0x0000000716e00000| Untracked 
| 104|0x0000000717000000, 0x0000000717000000, 0x0000000717200000|  0%| F|  |TAMS 0x0000000717000000, 0x0000000717000000| Untracked 
| 105|0x0000000717200000, 0x0000000717400000, 0x0000000717400000|100%| S|CS|TAMS 0x0000000717200000, 0x0000000717200000| Complete 
| 106|0x0000000717400000, 0x0000000717600000, 0x0000000717600000|100%| S|CS|TAMS 0x0000000717400000, 0x0000000717400000| Complete 
| 107|0x0000000717600000, 0x0000000717800000, 0x0000000717800000|100%| S|CS|TAMS 0x0000000717600000, 0x0000000717600000| Complete 
| 108|0x0000000717800000, 0x0000000717a00000, 0x0000000717a00000|100%| S|CS|TAMS 0x0000000717800000, 0x0000000717800000| Complete 
| 109|0x0000000717a00000, 0x0000000717a00000, 0x0000000717c00000|  0%| F|  |TAMS 0x0000000717a00000, 0x0000000717a00000| Untracked 
| 110|0x0000000717c00000, 0x0000000717c00000, 0x0000000717e00000|  0%| F|  |TAMS 0x0000000717c00000, 0x0000000717c00000| Untracked 
| 111|0x0000000717e00000, 0x0000000717e00000, 0x0000000718000000|  0%| F|  |TAMS 0x0000000717e00000, 0x0000000717e00000| Untracked 
| 112|0x0000000718000000, 0x0000000718000000, 0x0000000718200000|  0%| F|  |TAMS 0x0000000718000000, 0x0000000718000000| Untracked 
| 113|0x0000000718200000, 0x0000000718200000, 0x0000000718400000|  0%| F|  |TAMS 0x0000000718200000, 0x0000000718200000| Untracked 
| 114|0x0000000718400000, 0x0000000718400000, 0x0000000718600000|  0%| F|  |TAMS 0x0000000718400000, 0x0000000718400000| Untracked 
| 115|0x0000000718600000, 0x0000000718600000, 0x0000000718800000|  0%| F|  |TAMS 0x0000000718600000, 0x0000000718600000| Untracked 
| 116|0x0000000718800000, 0x0000000718800000, 0x0000000718a00000|  0%| F|  |TAMS 0x0000000718800000, 0x0000000718800000| Untracked 
| 117|0x0000000718a00000, 0x0000000718a00000, 0x0000000718c00000|  0%| F|  |TAMS 0x0000000718a00000, 0x0000000718a00000| Untracked 
| 118|0x0000000718c00000, 0x0000000718c00000, 0x0000000718e00000|  0%| F|  |TAMS 0x0000000718c00000, 0x0000000718c00000| Untracked 
| 119|0x0000000718e00000, 0x0000000718e00000, 0x0000000719000000|  0%| F|  |TAMS 0x0000000718e00000, 0x0000000718e00000| Untracked 
| 120|0x0000000719000000, 0x0000000719000000, 0x0000000719200000|  0%| F|  |TAMS 0x0000000719000000, 0x0000000719000000| Untracked 
| 121|0x0000000719200000, 0x0000000719200000, 0x0000000719400000|  0%| F|  |TAMS 0x0000000719200000, 0x0000000719200000| Untracked 
| 122|0x0000000719400000, 0x0000000719400000, 0x0000000719600000|  0%| F|  |TAMS 0x0000000719400000, 0x0000000719400000| Untracked 
| 123|0x0000000719600000, 0x0000000719600000, 0x0000000719800000|  0%| F|  |TAMS 0x0000000719600000, 0x0000000719600000| Untracked 
| 124|0x0000000719800000, 0x0000000719800000, 0x0000000719a00000|  0%| F|  |TAMS 0x0000000719800000, 0x0000000719800000| Untracked 
| 125|0x0000000719a00000, 0x0000000719a00000, 0x0000000719c00000|  0%| F|  |TAMS 0x0000000719a00000, 0x0000000719a00000| Untracked 
| 126|0x0000000719c00000, 0x0000000719c00000, 0x0000000719e00000|  0%| F|  |TAMS 0x0000000719c00000, 0x0000000719c00000| Untracked 
| 127|0x0000000719e00000, 0x0000000719e00000, 0x000000071a000000|  0%| F|  |TAMS 0x0000000719e00000, 0x0000000719e00000| Untracked 
| 128|0x000000071a000000, 0x000000071a000000, 0x000000071a200000|  0%| F|  |TAMS 0x000000071a000000, 0x000000071a000000| Untracked 
| 129|0x000000071a200000, 0x000000071a200000, 0x000000071a400000|  0%| F|  |TAMS 0x000000071a200000, 0x000000071a200000| Untracked 
| 130|0x000000071a400000, 0x000000071a400000, 0x000000071a600000|  0%| F|  |TAMS 0x000000071a400000, 0x000000071a400000| Untracked 
| 131|0x000000071a600000, 0x000000071a600000, 0x000000071a800000|  0%| F|  |TAMS 0x000000071a600000, 0x000000071a600000| Untracked 
| 132|0x000000071a800000, 0x000000071a800000, 0x000000071aa00000|  0%| F|  |TAMS 0x000000071a800000, 0x000000071a800000| Untracked 
| 133|0x000000071aa00000, 0x000000071aa00000, 0x000000071ac00000|  0%| F|  |TAMS 0x000000071aa00000, 0x000000071aa00000| Untracked 
| 134|0x000000071ac00000, 0x000000071ac00000, 0x000000071ae00000|  0%| F|  |TAMS 0x000000071ac00000, 0x000000071ac00000| Untracked 
| 135|0x000000071ae00000, 0x000000071ae00000, 0x000000071b000000|  0%| F|  |TAMS 0x000000071ae00000, 0x000000071ae00000| Untracked 
| 136|0x000000071b000000, 0x000000071b000000, 0x000000071b200000|  0%| F|  |TAMS 0x000000071b000000, 0x000000071b000000| Untracked 
| 137|0x000000071b200000, 0x000000071b200000, 0x000000071b400000|  0%| F|  |TAMS 0x000000071b200000, 0x000000071b200000| Untracked 
| 138|0x000000071b400000, 0x000000071b400000, 0x000000071b600000|  0%| F|  |TAMS 0x000000071b400000, 0x000000071b400000| Untracked 
| 139|0x000000071b600000, 0x000000071b600000, 0x000000071b800000|  0%| F|  |TAMS 0x000000071b600000, 0x000000071b600000| Untracked 

Card table byte_map: [0x000002610f000000,0x000002610f7b0000] _byte_map_base: 0x000002610b7b0000

Marking Bits (Prev, Next): (CMBitMap*) 0x00000261777232f0, (CMBitMap*) 0x00000261777232b0
 Prev Bits: [0x0000026113ce0000, 0x0000026117a60000)
 Next Bits: [0x000002610ff60000, 0x0000026113ce0000)

Polling page: 0x0000026176e60000

Metaspace:

Usage:
  Non-class:     88.55 MB used.
      Class:     14.13 MB used.
       Both:    102.68 MB used.

Virtual space:
  Non-class space:      128.00 MB reserved,      88.88 MB ( 69%) committed,  2 nodes.
      Class space:        1.00 GB reserved,      14.38 MB (  1%) committed,  1 nodes.
             Both:        1.12 GB reserved,     103.25 MB (  9%) committed. 

Chunk freelists:
   Non-Class:  7.10 MB
       Class:  1.59 MB
        Both:  8.69 MB

MaxMetaspaceSize: unlimited
CompressedClassSpaceSize: 1.00 GB
Initial GC threshold: 21.00 MB
Current GC threshold: 172.12 MB
CDS: on
MetaspaceReclaimPolicy: balanced
 - commit_granule_bytes: 65536.
 - commit_granule_words: 8192.
 - virtual_space_node_default_size: 8388608.
 - enlarge_chunks_in_place: 1.
 - new_chunks_are_fully_committed: 0.
 - uncommit_free_chunks: 1.
 - use_allocation_guard: 0.
 - handle_deallocations: 1.


Internal statistics:

num_allocs_failed_limit: 12.
num_arena_births: 814.
num_arena_deaths: 2.
num_vsnodes_births: 3.
num_vsnodes_deaths: 0.
num_space_committed: 1652.
num_space_uncommitted: 0.
num_chunks_returned_to_freelist: 15.
num_chunks_taken_from_freelist: 4712.
num_chunk_merges: 9.
num_chunk_splits: 3457.
num_chunks_enlarged: 2785.
num_inconsistent_stats: 0.

CodeHeap 'non-profiled nmethods': size=120000Kb used=5780Kb max_used=6578Kb free=114219Kb
 bounds [0x0000026107ad0000, 0x0000026108140000, 0x000002610f000000]
CodeHeap 'profiled nmethods': size=120000Kb used=16881Kb max_used=17210Kb free=103119Kb
 bounds [0x0000026100000000, 0x00000261010e0000, 0x0000026107530000]
CodeHeap 'non-nmethods': size=5760Kb used=1394Kb max_used=1444Kb free=4365Kb
 bounds [0x0000026107530000, 0x00000261077a0000, 0x0000026107ad0000]
 total_blobs=9228 nmethods=8486 adapters=653
 compilation: enabled
              stopped_count=0, restarted_count=0
 full_count=0

Compilation events (20 events):
Event: 31.134 Thread 0x0000026119d3c4b0 10333   !   3       java.util.concurrent.ConcurrentHashMap::putVal (432 bytes)
Event: 31.135 Thread 0x0000026161802340 nmethod 10330 0x0000026107b40410 code [0x0000026107b405e0, 0x0000026107b414e8]
Event: 31.135 Thread 0x0000026161802340 9470       4       org.springframework.boot.context.properties.source.SystemEnvironmentPropertyMapper::isLegacyAncestorOf (34 bytes)
Event: 31.135 Thread 0x0000026119d3c4b0 nmethod 10333 0x000002610025e010 code [0x000002610025e360, 0x000002610025fee8]
Event: 31.138 Thread 0x0000026119d3c4b0 10336       3       java.net.URI::toString (60 bytes)
Event: 31.139 Thread 0x0000026119d3c4b0 nmethod 10336 0x0000026100e41890 code [0x0000026100e41ac0, 0x0000026100e42188]
Event: 31.147 Thread 0x0000026119d3c4b0 10338       3       java.util.concurrent.ConcurrentLinkedQueue::poll (84 bytes)
Event: 31.150 Thread 0x0000026119d3c4b0 nmethod 10338 0x0000026100f2d090 code [0x0000026100f2d760, 0x0000026100f31528]
Event: 31.189 Thread 0x0000026119d3c4b0 10341       2       java.util.concurrent.locks.AbstractQueuedSynchronizer$ConditionObject::enableWait (84 bytes)
Event: 31.189 Thread 0x0000026119d3c4b0 nmethod 10341 0x00000261006b8d10 code [0x00000261006b8f00, 0x00000261006b93a8]
Event: 31.189 Thread 0x0000026119d3c4b0 10342       2       java.util.concurrent.locks.AbstractQueuedSynchronizer$ConditionNode::block (15 bytes)
Event: 31.190 Thread 0x0000026119d3c4b0 nmethod 10342 0x000002610025db10 code [0x000002610025dcc0, 0x000002610025dea8]
Event: 31.194 Thread 0x0000026119d3c4b0 10343   !   2       java.util.concurrent.ThreadPoolExecutor::getTask (177 bytes)
Event: 31.195 Thread 0x0000026119d3c4b0 nmethod 10343 0x0000026100eafc10 code [0x0000026100eafe20, 0x0000026100eb03b8]
Event: 31.195 Thread 0x0000026119d3c4b0 10344       2       java.util.concurrent.ThreadPoolExecutor::afterExecute (1 bytes)
Event: 31.195 Thread 0x0000026119d3c4b0 nmethod 10344 0x0000026100b9f490 code [0x0000026100b9f620, 0x0000026100b9f718]
Event: 31.196 Thread 0x0000026119d3c4b0 10345   !   3       java.util.concurrent.LinkedBlockingQueue::offer (131 bytes)
Event: 31.197 Thread 0x0000026119d3c4b0 nmethod 10345 0x0000026100a7b690 code [0x0000026100a7ba60, 0x0000026100a7d838]
Event: 31.198 Thread 0x0000026119d3c4b0 10347   !   2       nonapi.io.github.classgraph.concurrency.WorkQueue::runWorkLoop (126 bytes)
Event: 31.244 Thread 0x0000026119d3c4b0 nmethod 10347 0x00000261000b0c90 code [0x00000261000b0ee0, 0x00000261000b14e8]

GC Heap History (20 events):
Event: 28.842 GC heap after
{Heap after GC invocations=21 (full 0):
 garbage-first heap   total 141312K, used 65023K [0x000000070a000000, 0x0000000800000000)
  region size 2048K, 3 young (6144K), 3 survivors (6144K)
 Metaspace       used 100304K, committed 100800K, reserved 1179648K
  class space    used 13844K, committed 14080K, reserved 1048576K
}
Event: 29.494 GC heap before
{Heap before GC invocations=22 (full 0):
 garbage-first heap   total 141312K, used 110079K [0x000000070a000000, 0x0000000800000000)
  region size 2048K, 25 young (51200K), 3 survivors (6144K)
 Metaspace       used 102684K, committed 103232K, reserved 1179648K
  class space    used 14204K, committed 14464K, reserved 1048576K
}
Event: 29.497 GC heap after
{Heap after GC invocations=23 (full 0):
 garbage-first heap   total 141312K, used 67622K [0x000000070a000000, 0x0000000800000000)
  region size 2048K, 2 young (4096K), 2 survivors (4096K)
 Metaspace       used 102684K, committed 103232K, reserved 1179648K
  class space    used 14204K, committed 14464K, reserved 1048576K
}
Event: 29.920 GC heap before
{Heap before GC invocations=23 (full 0):
 garbage-first heap   total 141312K, used 110630K [0x000000070a000000, 0x0000000800000000)
  region size 2048K, 24 young (49152K), 2 survivors (4096K)
 Metaspace       used 104798K, committed 105344K, reserved 1179648K
  class space    used 14454K, committed 14720K, reserved 1048576K
}
Event: 29.925 GC heap after
{Heap after GC invocations=24 (full 0):
 garbage-first heap   total 141312K, used 75131K [0x000000070a000000, 0x0000000800000000)
  region size 2048K, 3 young (6144K), 3 survivors (6144K)
 Metaspace       used 104798K, committed 105344K, reserved 1179648K
  class space    used 14454K, committed 14720K, reserved 1048576K
}
Event: 29.992 GC heap before
{Heap before GC invocations=25 (full 0):
 garbage-first heap   total 143360K, used 95611K [0x000000070a000000, 0x0000000800000000)
  region size 2048K, 15 young (30720K), 3 survivors (6144K)
 Metaspace       used 104836K, committed 105408K, reserved 1179648K
  class space    used 14454K, committed 14720K, reserved 1048576K
}
Event: 29.997 GC heap after
{Heap after GC invocations=26 (full 0):
 garbage-first heap   total 143360K, used 80030K [0x000000070a000000, 0x0000000800000000)
  region size 2048K, 3 young (6144K), 3 survivors (6144K)
 Metaspace       used 104836K, committed 105408K, reserved 1179648K
  class space    used 14454K, committed 14720K, reserved 1048576K
}
Event: 30.040 GC heap before
{Heap before GC invocations=26 (full 0):
 garbage-first heap   total 143360K, used 114846K [0x000000070a000000, 0x0000000800000000)
  region size 2048K, 19 young (38912K), 3 survivors (6144K)
 Metaspace       used 104839K, committed 105408K, reserved 1179648K
  class space    used 14454K, committed 14720K, reserved 1048576K
}
Event: 30.045 GC heap after
{Heap after GC invocations=27 (full 0):
 garbage-first heap   total 286720K, used 87048K [0x000000070a000000, 0x0000000800000000)
  region size 2048K, 3 young (6144K), 3 survivors (6144K)
 Metaspace       used 104839K, committed 105408K, reserved 1179648K
  class space    used 14454K, committed 14720K, reserved 1048576K
}
Event: 30.533 GC heap before
{Heap before GC invocations=28 (full 0):
 garbage-first heap   total 286720K, used 214024K [0x000000070a000000, 0x0000000800000000)
  region size 2048K, 65 young (133120K), 3 survivors (6144K)
 Metaspace       used 105082K, committed 105600K, reserved 1179648K
  class space    used 14467K, committed 14720K, reserved 1048576K
}
Event: 30.559 GC heap after
{Heap after GC invocations=29 (full 0):
 garbage-first heap   total 286720K, used 118190K [0x000000070a000000, 0x0000000800000000)
  region size 2048K, 9 young (18432K), 9 survivors (18432K)
 Metaspace       used 105082K, committed 105600K, reserved 1179648K
  class space    used 14467K, committed 14720K, reserved 1048576K
}
Event: 30.780 GC heap before
{Heap before GC invocations=29 (full 0):
 garbage-first heap   total 286720K, used 208302K [0x000000070a000000, 0x0000000800000000)
  region size 2048K, 53 young (108544K), 9 survivors (18432K)
 Metaspace       used 105102K, committed 105600K, reserved 1179648K
  class space    used 14467K, committed 14720K, reserved 1048576K
}
Event: 30.795 GC heap after
{Heap after GC invocations=30 (full 0):
 garbage-first heap   total 286720K, used 144701K [0x000000070a000000, 0x0000000800000000)
  region size 2048K, 7 young (14336K), 7 survivors (14336K)
 Metaspace       used 105102K, committed 105600K, reserved 1179648K
  class space    used 14467K, committed 14720K, reserved 1048576K
}
Event: 30.923 GC heap before
{Heap before GC invocations=30 (full 0):
 garbage-first heap   total 286720K, used 212285K [0x000000070a000000, 0x0000000800000000)
  region size 2048K, 41 young (83968K), 7 survivors (14336K)
 Metaspace       used 105116K, committed 105600K, reserved 1179648K
  class space    used 14467K, committed 14720K, reserved 1048576K
}
Event: 30.939 GC heap after
{Heap after GC invocations=31 (full 0):
 garbage-first heap   total 286720K, used 165914K [0x000000070a000000, 0x0000000800000000)
  region size 2048K, 6 young (12288K), 6 survivors (12288K)
 Metaspace       used 105116K, committed 105600K, reserved 1179648K
  class space    used 14467K, committed 14720K, reserved 1048576K
}
Event: 31.094 GC heap before
{Heap before GC invocations=32 (full 0):
 garbage-first heap   total 286720K, used 215066K [0x000000070a000000, 0x0000000800000000)
  region size 2048K, 33 young (67584K), 6 survivors (12288K)
 Metaspace       used 105141K, committed 105728K, reserved 1179648K
  class space    used 14468K, committed 14720K, reserved 1048576K
}
Event: 31.102 GC heap after
{Heap after GC invocations=33 (full 0):
 garbage-first heap   total 286720K, used 174552K [0x000000070a000000, 0x0000000800000000)
  region size 2048K, 5 young (10240K), 5 survivors (10240K)
 Metaspace       used 105141K, committed 105728K, reserved 1179648K
  class space    used 14468K, committed 14720K, reserved 1048576K
}
Event: 31.108 GC heap before
{Heap before GC invocations=33 (full 0):
 garbage-first heap   total 286720K, used 178648K [0x000000070a000000, 0x0000000800000000)
  region size 2048K, 7 young (14336K), 5 survivors (10240K)
 Metaspace       used 105141K, committed 105728K, reserved 1179648K
  class space    used 14468K, committed 14720K, reserved 1048576K
}
Event: 31.115 GC heap after
{Heap after GC invocations=34 (full 0):
 garbage-first heap   total 286720K, used 158756K [0x000000070a000000, 0x0000000800000000)
  region size 2048K, 1 young (2048K), 1 survivors (2048K)
 Metaspace       used 105141K, committed 105728K, reserved 1179648K
  class space    used 14468K, committed 14720K, reserved 1048576K
}
Event: 31.244 GC heap before
{Heap before GC invocations=34 (full 0):
 garbage-first heap   total 286720K, used 218148K [0x000000070a000000, 0x0000000800000000)
  region size 2048K, 31 young (63488K), 1 survivors (2048K)
 Metaspace       used 105146K, committed 105728K, reserved 1179648K
  class space    used 14468K, committed 14720K, reserved 1048576K
}

Deoptimization events (20 events):
Event: 31.231 Thread 0x0000026161bb12a0 DEOPT PACKING pc=0x00000261010a3d63 sp=0x000000c7b76feaa0
Event: 31.231 Thread 0x0000026161bb12a0 DEOPT UNPACKING pc=0x0000026107582b43 sp=0x000000c7b76fe080 mode 0
Event: 31.231 Thread 0x000002616d4be180 DEOPT PACKING pc=0x00000261010a3d63 sp=0x000000c7b67fe9f0
Event: 31.231 Thread 0x000002616d4be180 DEOPT UNPACKING pc=0x0000026107582b43 sp=0x000000c7b67fdfd0 mode 0
Event: 31.234 Thread 0x0000026161bb3b20 DEOPT PACKING pc=0x00000261010a3d63 sp=0x000000c7b6efeed0
Event: 31.234 Thread 0x0000026161bb3b20 DEOPT UNPACKING pc=0x0000026107582b43 sp=0x000000c7b6efe4b0 mode 0
Event: 31.234 Thread 0x0000026161bb2bf0 DEOPT PACKING pc=0x00000261010a3d63 sp=0x000000c7b71fea80
Event: 31.234 Thread 0x0000026161bb2bf0 DEOPT UNPACKING pc=0x0000026107582b43 sp=0x000000c7b71fe060 mode 0
Event: 31.239 Thread 0x0000026161bb17b0 DEOPT PACKING pc=0x00000261010a3d63 sp=0x000000c7b72ff120
Event: 31.240 Thread 0x0000026161bb17b0 DEOPT UNPACKING pc=0x0000026107582b43 sp=0x000000c7b72fe700 mode 0
Event: 31.240 Thread 0x0000026161baf440 DEOPT PACKING pc=0x00000261010a3d63 sp=0x000000c7b70ff0c0
Event: 31.240 Thread 0x0000026161baf440 DEOPT UNPACKING pc=0x0000026107582b43 sp=0x000000c7b70fe6a0 mode 0
Event: 31.243 Thread 0x0000026161bb1cc0 DEOPT PACKING pc=0x00000261010a3d63 sp=0x000000c7b78feda0
Event: 31.243 Thread 0x0000026161bb1cc0 DEOPT UNPACKING pc=0x0000026107582b43 sp=0x000000c7b78fe380 mode 0
Event: 31.243 Thread 0x0000026161bae000 DEOPT PACKING pc=0x00000261010a3d63 sp=0x000000c7b73ff040
Event: 31.243 Thread 0x0000026161bae000 DEOPT UNPACKING pc=0x0000026107582b43 sp=0x000000c7b73fe620 mode 0
Event: 31.243 Thread 0x0000026161baf950 DEOPT PACKING pc=0x00000261010a3d63 sp=0x000000c7b77feb60
Event: 31.243 Thread 0x0000026161bae510 DEOPT PACKING pc=0x00000261010a3d63 sp=0x000000c7b79fef40
Event: 31.244 Thread 0x0000026161baf950 DEOPT UNPACKING pc=0x0000026107582b43 sp=0x000000c7b77fe140 mode 0
Event: 31.244 Thread 0x0000026161bae510 DEOPT UNPACKING pc=0x0000026107582b43 sp=0x000000c7b79fe520 mode 0

Classes unloaded (1 events):
Event: 28.865 Thread 0x0000026119d165d0 Unloading class 0x000002611c76c000 'net/bytebuddy/mirror/AccessibleObject'

Classes redefined (0 events):
No events

Internal exceptions (20 events):
Event: 30.990 Thread 0x000002616d4bf5c0 Exception <a 'sun/nio/fs/WindowsException'{0x000000071b3f0970}> (0x000000071b3f0970) 
thrown [s\open\src\hotspot\share\prims\jni.cpp, line 516]
Event: 30.990 Thread 0x000002616d4bbe10 Exception <a 'sun/nio/fs/WindowsException'{0x000000071b3de910}> (0x000000071b3de910) 
thrown [s\open\src\hotspot\share\prims\jni.cpp, line 516]
Event: 30.991 Thread 0x000002616d4bf5c0 Exception <a 'sun/nio/fs/WindowsException'{0x000000071b3f11d0}> (0x000000071b3f11d0) 
thrown [s\open\src\hotspot\share\prims\jni.cpp, line 516]
Event: 30.991 Thread 0x000002616d4bbe10 Exception <a 'sun/nio/fs/WindowsException'{0x000000071b3fc608}> (0x000000071b3fc608) 
thrown [s\open\src\hotspot\share\prims\jni.cpp, line 516]
Event: 30.991 Thread 0x000002616d4bbe10 Exception <a 'sun/nio/fs/WindowsException'{0x000000071b3fc878}> (0x000000071b3fc878) 
thrown [s\open\src\hotspot\share\prims\jni.cpp, line 516]
Event: 30.991 Thread 0x000002616d4bbe10 Exception <a 'sun/nio/fs/WindowsException'{0x000000071b3fd128}> (0x000000071b3fd128) 
thrown [s\open\src\hotspot\share\prims\jni.cpp, line 516]
Event: 30.991 Thread 0x000002616d4bbe10 Exception <a 'sun/nio/fs/WindowsException'{0x000000071b3fd398}> (0x000000071b3fd398) 
thrown [s\open\src\hotspot\share\prims\jni.cpp, line 516]
Event: 30.991 Thread 0x000002616d4bf5c0 Exception <a 'sun/nio/fs/WindowsException'{0x000000071b3f13e0}> (0x000000071b3f13e0) 
thrown [s\open\src\hotspot\share\prims\jni.cpp, line 516]
Event: 30.991 Thread 0x000002616d4bf5c0 Exception <a 'sun/nio/fs/WindowsException'{0x000000071b3f1c48}> (0x000000071b3f1c48) 
thrown [s\open\src\hotspot\share\prims\jni.cpp, line 516]
Event: 30.991 Thread 0x000002616d4bf5c0 Exception <a 'sun/nio/fs/WindowsException'{0x000000071b3f1e70}> (0x000000071b3f1e70) 
thrown [s\open\src\hotspot\share\prims\jni.cpp, line 516]
Event: 30.991 Thread 0x000002616d4bf5c0 Exception <a 'sun/nio/fs/WindowsException'{0x000000071b3f26d8}> (0x000000071b3f26d8) 
thrown [s\open\src\hotspot\share\prims\jni.cpp, line 516]
Event: 30.991 Thread 0x000002616d4bf5c0 Exception <a 'sun/nio/fs/WindowsException'{0x000000071b3f28e8}> (0x000000071b3f28e8) 
thrown [s\open\src\hotspot\share\prims\jni.cpp, line 516]
Event: 30.991 Thread 0x000002616d4bf5c0 Exception <a 'sun/nio/fs/WindowsException'{0x000000071b3f3150}> (0x000000071b3f3150) 
thrown [s\open\src\hotspot\share\prims\jni.cpp, line 516]
Event: 30.991 Thread 0x000002616d4bf5c0 Exception <a 'sun/nio/fs/WindowsException'{0x000000071b3f3378}> (0x000000071b3f3378) 
thrown [s\open\src\hotspot\share\prims\jni.cpp, line 516]
Event: 30.991 Thread 0x000002616d4bf5c0 Exception <a 'sun/nio/fs/WindowsException'{0x000000071b3f3c08}> (0x000000071b3f3c08) 
thrown [s\open\src\hotspot\share\prims\jni.cpp, line 516]
Event: 30.992 Thread 0x000002616d4bf5c0 Exception <a 'sun/nio/fs/WindowsException'{0x000000071b3f3e48}> (0x000000071b3f3e48) 
thrown [s\open\src\hotspot\share\prims\jni.cpp, line 516]
Event: 30.992 Thread 0x000002616d4bf5c0 Exception <a 'sun/nio/fs/WindowsException'{0x000000071b3f46f0}> (0x000000071b3f46f0) 
thrown [s\open\src\hotspot\share\prims\jni.cpp, line 516]
Event: 30.992 Thread 0x000002616d4bf5c0 Exception <a 'sun/nio/fs/WindowsException'{0x000000071b3f4950}> (0x000000071b3f4950) 
thrown [s\open\src\hotspot\share\prims\jni.cpp, line 516]
Event: 30.992 Thread 0x000002616d4bf5c0 Exception <a 'sun/nio/fs/WindowsException'{0x000000071b3f51e0}> (0x000000071b3f51e0) 
thrown [s\open\src\hotspot\share\prims\jni.cpp, line 516]
Event: 30.992 Thread 0x000002616d4bf5c0 Exception <a 'sun/nio/fs/WindowsException'{0x000000071b3f5438}> (0x000000071b3f5438) 
thrown [s\open\src\hotspot\share\prims\jni.cpp, line 516]

VM Operations (20 events):
Event: 30.200 Executing VM operation: HandshakeAllThreads done
Event: 30.200 Executing VM operation: HandshakeAllThreads
Event: 30.200 Executing VM operation: HandshakeAllThreads done
Event: 30.519 Executing VM operation: G1CollectForAllocation
Event: 30.560 Executing VM operation: G1CollectForAllocation done
Event: 30.780 Executing VM operation: G1CollectForAllocation
Event: 30.796 Executing VM operation: G1CollectForAllocation done
Event: 30.923 Executing VM operation: G1CollectForAllocation
Event: 30.939 Executing VM operation: G1CollectForAllocation done
Event: 31.002 Executing VM operation: G1Concurrent
Event: 31.013 Executing VM operation: G1Concurrent done
Event: 31.040 Executing VM operation: G1Concurrent
Event: 31.041 Executing VM operation: G1Concurrent done
Event: 31.094 Executing VM operation: HandshakeAllThreads
Event: 31.094 Executing VM operation: HandshakeAllThreads done
Event: 31.094 Executing VM operation: G1CollectForAllocation
Event: 31.105 Executing VM operation: G1CollectForAllocation done
Event: 31.108 Executing VM operation: G1CollectForAllocation
Event: 31.118 Executing VM operation: G1CollectForAllocation done
Event: 31.243 Executing VM operation: G1CollectForAllocation

Events (20 events):
Event: 31.132 Thread 0x0000026119d676f0 flushing nmethod 0x0000026100f47390
Event: 31.132 Thread 0x0000026119d676f0 flushing nmethod 0x0000026100f6e590
Event: 31.132 Thread 0x0000026119d676f0 flushing nmethod 0x0000026100f70a90
Event: 31.132 Thread 0x0000026119d676f0 flushing nmethod 0x0000026100f72010
Event: 31.132 Thread 0x0000026119d676f0 flushing nmethod 0x0000026100f7c410
Event: 31.132 Thread 0x0000026119d676f0 flushing nmethod 0x0000026100f82e10
Event: 31.132 Thread 0x0000026119d676f0 flushing nmethod 0x0000026100f8fc90
Event: 31.132 Thread 0x0000026119d676f0 flushing nmethod 0x0000026100f90690
Event: 31.132 Thread 0x0000026119d676f0 flushing nmethod 0x0000026100f91310
Event: 31.132 Thread 0x0000026119d676f0 flushing nmethod 0x0000026100f91d90
Event: 31.132 Thread 0x0000026119d676f0 flushing nmethod 0x0000026100f93610
Event: 31.132 Thread 0x0000026119d676f0 flushing nmethod 0x0000026100f94210
Event: 31.132 Thread 0x0000026119d676f0 flushing nmethod 0x0000026100f9b110
Event: 31.132 Thread 0x0000026119d676f0 flushing nmethod 0x0000026100f9f790
Event: 31.132 Thread 0x0000026119d676f0 flushing nmethod 0x0000026100f9fd90
Event: 31.132 Thread 0x0000026119d676f0 flushing nmethod 0x0000026100fa0190
Event: 31.132 Thread 0x0000026119d676f0 flushing nmethod 0x0000026100fa0790
Event: 31.132 Thread 0x0000026119d676f0 flushing nmethod 0x0000026100fa3c90
Event: 31.132 Thread 0x0000026119d676f0 flushing nmethod 0x0000026100fa6f10
Event: 31.132 Thread 0x0000026119d676f0 flushing nmethod 0x0000026100fa7710


Dynamic libraries:
0x00007ff72e040000 - 0x00007ff72e050000 	C:\Java\bin\java.exe
0x00007ffbcd750000 - 0x00007ffbcd948000 	C:\Windows\SYSTEM32\ntdll.dll
0x00007ffbcba60000 - 0x00007ffbcbb1d000 	C:\Windows\System32\KERNEL32.DLL
0x00007ffbcb480000 - 0x00007ffbcb776000 	C:\Windows\System32\KERNELBASE.dll
0x00007ffbcb070000 - 0x00007ffbcb170000 	C:\Windows\System32\ucrtbase.dll
0x00007ffba7e20000 - 0x00007ffba7e39000 	C:\Java\bin\jli.dll
0x00007ffbb2b10000 - 0x00007ffbb2b2b000 	C:\Java\bin\VCRUNTIME140.dll
0x00007ffbcb780000 - 0x00007ffbcb830000 	C:\Windows\System32\ADVAPI32.dll
0x00007ffbcbc30000 - 0x00007ffbcbcce000 	C:\Windows\System32\msvcrt.dll
0x00007ffbcce40000 - 0x00007ffbccee0000 	C:\Windows\System32\sechost.dll
0x00007ffbccfb0000 - 0x00007ffbcd0d3000 	C:\Windows\System32\RPCRT4.dll
0x00007ffbcb450000 - 0x00007ffbcb477000 	C:\Windows\System32\bcrypt.dll
0x00007ffbcb860000 - 0x00007ffbcb9ff000 	C:\Windows\System32\USER32.dll
0x00007ffbcb040000 - 0x00007ffbcb062000 	C:\Windows\System32\win32u.dll
0x00007ffbb02c0000 - 0x00007ffbb055a000 	C:\Windows\WinSxS\amd64_microsoft.windows.common-controls_6595b64144ccf1df_6.0.19041.4355_none_60b8b9eb71f62e16\COMCTL32.dll
0x00007ffbcbfa0000 - 0x00007ffbcbfcb000 	C:\Windows\System32\GDI32.dll
0x00007ffbcb280000 - 0x00007ffbcb397000 	C:\Windows\System32\gdi32full.dll
0x00007ffbcb170000 - 0x00007ffbcb20d000 	C:\Windows\System32\msvcp_win.dll
0x00007ffbbe0a0000 - 0x00007ffbbe0aa000 	C:\Windows\SYSTEM32\VERSION.dll
0x00007ffbcc880000 - 0x00007ffbcc8b2000 	C:\Windows\System32\IMM32.DLL
0x00007ffbb2b00000 - 0x00007ffbb2b0c000 	C:\Java\bin\vcruntime140_1.dll
0x00007ffb95050000 - 0x00007ffb950de000 	C:\Java\bin\msvcp140.dll
0x00007ffb73190000 - 0x00007ffb73d71000 	C:\Java\bin\server\jvm.dll
0x00007ffbcb840000 - 0x00007ffbcb848000 	C:\Windows\System32\PSAPI.DLL
0x00007ffbc1840000 - 0x00007ffbc1849000 	C:\Windows\SYSTEM32\WSOCK32.dll
0x00007ffbc81a0000 - 0x00007ffbc81c7000 	C:\Windows\SYSTEM32\WINMM.dll
0x00007ffbcc810000 - 0x00007ffbcc87b000 	C:\Windows\System32\WS2_32.dll
0x00007ffbc9620000 - 0x00007ffbc9632000 	C:\Windows\SYSTEM32\kernel.appcore.dll
0x00007ffbb1490000 - 0x00007ffbb149a000 	C:\Java\bin\jimage.dll
0x00007ffbc9040000 - 0x00007ffbc9224000 	C:\Windows\SYSTEM32\DBGHELP.DLL
0x00007ffbc2d70000 - 0x00007ffbc2da4000 	C:\Windows\SYSTEM32\dbgcore.DLL
0x00007ffbcae00000 - 0x00007ffbcae82000 	C:\Windows\System32\bcryptPrimitives.dll
0x00007ffbc6ba0000 - 0x00007ffbc6bae000 	C:\Java\bin\instrument.dll
0x00007ffb9dda0000 - 0x00007ffb9ddc5000 	C:\Java\bin\java.dll
0x00007ffb94550000 - 0x00007ffb94627000 	C:\Java\bin\jsvml.dll
0x00007ffbcbfd0000 - 0x00007ffbcc73b000 	C:\Windows\System32\SHELL32.dll
0x00007ffbc88a0000 - 0x00007ffbc903d000 	C:\Windows\SYSTEM32\windows.storage.dll
0x00007ffbcd210000 - 0x00007ffbcd563000 	C:\Windows\System32\combase.dll
0x00007ffbca7b0000 - 0x00007ffbca7de000 	C:\Windows\SYSTEM32\Wldp.dll
0x00007ffbccee0000 - 0x00007ffbccfad000 	C:\Windows\System32\OLEAUT32.dll
0x00007ffbcc760000 - 0x00007ffbcc80d000 	C:\Windows\System32\SHCORE.dll
0x00007ffbcbbd0000 - 0x00007ffbcbc25000 	C:\Windows\System32\shlwapi.dll
0x00007ffbcad30000 - 0x00007ffbcad54000 	C:\Windows\SYSTEM32\profapi.dll
0x00007ffb9cbf0000 - 0x00007ffb9cc08000 	C:\Java\bin\zip.dll
0x00007ffb9d480000 - 0x00007ffb9d499000 	C:\java\bin\net.dll
0x00007ffbc4140000 - 0x00007ffbc424a000 	C:\Windows\SYSTEM32\WINHTTP.dll
0x00007ffbca510000 - 0x00007ffbca57a000 	C:\Windows\system32\mswsock.dll
0x00007ffb9cff0000 - 0x00007ffb9d006000 	C:\java\bin\nio.dll
0x00007ffbc53e0000 - 0x00007ffbc53fa000 	C:\Program Files\JetBrains\IntelliJ IDEA 2022.2.3\bin\breakgen64.dll
0x00007ffbca190000 - 0x00007ffbca1cb000 	C:\Windows\SYSTEM32\IPHLPAPI.DLL
0x00007ffbcb850000 - 0x00007ffbcb858000 	C:\Windows\System32\NSI.dll
0x00007ffbc5d00000 - 0x00007ffbc5d17000 	C:\Windows\SYSTEM32\dhcpcsvc6.DLL
0x00007ffbc5c30000 - 0x00007ffbc5c4d000 	C:\Windows\SYSTEM32\dhcpcsvc.DLL
0x00007ffbca1d0000 - 0x00007ffbca29b000 	C:\Windows\SYSTEM32\DNSAPI.dll
0x00007ffbc3200000 - 0x00007ffbc320a000 	C:\Windows\System32\rasadhlp.dll
0x00007ffbc3210000 - 0x00007ffbc3290000 	C:\Windows\System32\fwpuclnt.dll
0x00007ffba94d0000 - 0x00007ffba94e0000 	C:\Java\bin\verify.dll
0x00007ffbca700000 - 0x00007ffbca718000 	C:\Windows\SYSTEM32\CRYPTSP.dll
0x00007ffbc9da0000 - 0x00007ffbc9dd4000 	C:\Windows\system32\rsaenh.dll
0x00007ffbcaca0000 - 0x00007ffbcacce000 	C:\Windows\SYSTEM32\USERENV.dll
0x00007ffbca720000 - 0x00007ffbca72c000 	C:\Windows\SYSTEM32\CRYPTBASE.dll
0x00007ffbc7280000 - 0x00007ffbc728a000 	C:\java\bin\management.dll
0x00007ffbc6ce0000 - 0x00007ffbc6ceb000 	C:\java\bin\management_ext.dll
0x00007ffbc53c0000 - 0x00007ffbc53ce000 	C:\java\bin\sunmscapi.dll
0x00007ffbcaee0000 - 0x00007ffbcb03e000 	C:\Windows\System32\CRYPT32.dll
0x00007ffbca820000 - 0x00007ffbca849000 	C:\Windows\SYSTEM32\ncrypt.dll
0x00007ffbca7e0000 - 0x00007ffbca81b000 	C:\Windows\SYSTEM32\NTASN1.dll
0x00007ffbbef70000 - 0x00007ffbbef77000 	C:\Windows\system32\wshunix.dll
0x00007ffb9d3f0000 - 0x00007ffb9d407000 	C:\Windows\system32\napinsp.dll
0x00007ffb9d3d0000 - 0x00007ffb9d3eb000 	C:\Windows\system32\pnrpnsp.dll
0x00007ffbc1230000 - 0x00007ffbc1245000 	C:\Windows\system32\wshbth.dll
0x00007ffbc5da0000 - 0x00007ffbc5dbd000 	C:\Windows\system32\NLAapi.dll
0x00007ffb9d3b0000 - 0x00007ffb9d3c2000 	C:\Windows\System32\winrnr.dll

dbghelp: loaded successfully - version: 4.0.5 - missing functions: none
symbol engine: initialized successfully - sym options: 0x614 - pdb path: .;C:\Java\bin;C:\Windows\SYSTEM32;C:\Windows\WinSxS\amd64_microsoft.windows.common-controls_6595b64144ccf1df_6.0.19041.4355_none_60b8b9eb71f62e16;C:\Java\bin\server;C:\Program Files\JetBrains\IntelliJ IDEA 2022.2.3\bin

VM Arguments:
jvm_args: -Dvisualvm.id=837904389355500 -ea -Didea.test.cyclic.buffer.size=1048576 -javaagent:C:\Program Files\JetBrains\IntelliJ IDEA 2022.2.3\lib\idea_rt.jar=33902:C:\Program Files\JetBrains\IntelliJ IDEA 2022.2.3\bin -Dfile.encoding=UTF-8 
java_command: com.intellij.rt.junit.JUnitStarter -ideVersion5 -junit5 it.V1WriteTaskInternalControllerTest
java_class_path (initial): C:\Program Files\JetBrains\IntelliJ IDEA 2022.2.3\lib\idea_rt.jar;C:\Program Files\JetBrains\IntelliJ IDEA 2022.2.3\plugins\junit\lib\junit5-rt.jar;C:\Program Files\JetBrains\IntelliJ IDEA 2022.2.3\plugins\junit\lib\junit-rt.jar;D:\coursework\api\target\test-classes;D:\coursework\api\target\classes;C:\Users\kenny\.m2\repository\net\javacrumbs\shedlock\shedlock-spring\5.10.0\shedlock-spring-5.10.0.jar;C:\Users\kenny\.m2\repository\net\javacrumbs\shedlock\shedlock-core\5.10.0\shedlock-core-5.10.0.jar;C:\Users\kenny\.m2\repository\org\springframework\spring-context\6.0.3\spring-context-6.0.3.jar;C:\Users\kenny\.m2\repository\org\springframework\spring-aop\6.0.3\spring-aop-6.0.3.jar;C:\Users\kenny\.m2\repository\org\springframework\spring-beans\6.0.3\spring-beans-6.0.3.jar;C:\Users\kenny\.m2\repository\org\springframework\spring-expression\6.0.3\spring-expression-6.0.3.jar;C:\Users\kenny\.m2\repository\net\javacrumbs\shedlock\shedlock-provider-jdbc-template\5.10.0\shedlock-provider-jdbc-template-5.10.0.jar;C:\Users\kenny\.m2\repository\org\springframework\spring-jdbc\6.0.3\spring-jdbc-6.0.3.jar;C:\Users\kenny\.m2\repository\javax\xml\bind\jaxb-api\2.3.1\jaxb-api-2.3.1.jar;C:\Users\kenny\.m2\repository\javax\activation\javax.activation-api\1.2.0\javax.activation-api-1.2.0.jar;C:\Users\kenny\.m2\repository\com\fasterxml\jackson\datatype\jackson-datatype-jsr310\2.15.2\jackson-datatype-jsr310-2.15.2.jar;C:\Users\kenny\.m2\repository\com\fasterxml\jackson\core\jackson-annotations\2.14.1\jackson-annotations-2.14.1.jar;C:\Users\kenny\.m2\repository\com\fasterxml\jackson\core\jackson-core\2.14.1\jackson-core-2.14.1.jar;C:\Users\kenny\.m2\repository\com\fasterxml\jackson\core\jackson-databind\2.14.1\jackson-databind-2.14.1.jar;C:\Users\kenny\.m2\repository\io\sentry\sentry-spring-boot-starter\6.16.0\sentry-spring-boot-starter-6.16.0.jar;C:\Users\kenny\.m2\repository\io\sentry\sentry\6.16.0\sentry-6.16.0.jar;C:\Users\kenny\.m2\repository\io\sentry\sen
Launcher Type: SUN_STANDARD

[Global flags]
     intx CICompilerCount                          = 4                                         {product} {ergonomic}
     uint ConcGCThreads                            = 3                                         {product} {ergonomic}
     uint G1ConcRefinementThreads                  = 10                                        {product} {ergonomic}
   size_t G1HeapRegionSize                         = 2097152                                   {product} {ergonomic}
    uintx GCDrainStackTargetSize                   = 64                                        {product} {ergonomic}
   size_t InitialHeapSize                          = 257949696                                 {product} {ergonomic}
   size_t MarkStackSize                            = 4194304                                   {product} {ergonomic}
   size_t MaxHeapSize                              = 4127195136                                {product} {ergonomic}
   size_t MaxNewSize                               = 2474639360                                {product} {ergonomic}
   size_t MinHeapDeltaBytes                        = 2097152                                   {product} {ergonomic}
   size_t MinHeapSize                              = 8388608                                   {product} {ergonomic}
    uintx NonNMethodCodeHeapSize                   = 5839372                                {pd product} {ergonomic}
    uintx NonProfiledCodeHeapSize                  = 122909434                              {pd product} {ergonomic}
    uintx ProfiledCodeHeapSize                     = 122909434                              {pd product} {ergonomic}
    uintx ReservedCodeCacheSize                    = 251658240                              {pd product} {ergonomic}
     bool SegmentedCodeCache                       = true                                      {product} {ergonomic}
   size_t SoftMaxHeapSize                          = 4127195136                             {manageable} {ergonomic}
     bool UseCompressedClassPointers               = true                           {product lp64_product} {ergonomic}
     bool UseCompressedOops                        = true                           {product lp64_product} {ergonomic}
     bool UseG1GC                                  = true                                      {product} {ergonomic}
     bool UseLargePagesIndividualAllocation        = false                                  {pd product} {ergonomic}

Logging:
Log output configuration:
 #0: stdout all=warning uptime,level,tags
 #1: stderr all=off uptime,level,tags

Environment Variables:
JAVA_HOME=C:\java
PATH=C:\Program Files\Common Files\Oracle\Java\javapath;C:\Python311\Scripts\;C:\Python311\;C:\Windows\system32;C:\Windows;C:\Windows\System32\Wbem;C:\Windows\System32\WindowsPowerShell\v1.0\;C:\Windows\System32\OpenSSH\;C:\Program Files\Git\cmd;C:\Program Files\Docker\Docker\resources\bin;C:\ProgramData\DockerDesktop\version-bin;C:\ProgramData\chocolatey\bin;C:\Program Files\WireGuard\;C:\Users\kenny\.jbang\bin;C:\Users\kenny\AppData\Local\Microsoft\WindowsApps;C:\Program Files\JetBrains\IntelliJ IDEA 2022.2.3\bin;C:\MinGW\bin;C:\Program Files\JetBrains\CLion 2022.2.4\bin;C:\Zoo\apache-zookeeper-3.8.1-bin\bin;C:\Program Files\Maven\apache-maven-3.9.0\bin;C:\Users\kenny\.web3j\web3j-cli-shadow-1.4.2\bin;C:\Program Files\JetBrains\PyCharm 2023.1\bin;C:\Program Files\Java\graalvm-community-openjdk-20.0.1+9.1\bin;C:\Program Files\JetBrains\IntelliJ IDEA Community Edition 2023.2.3\bin;;C:\Users\kenny\.gradle;C:\java\bin;
USERNAME=strelnikov
OS=Windows_NT
PROCESSOR_IDENTIFIER=AMD64 Family 23 Model 96 Stepping 1, AuthenticAMD



---------------  S Y S T E M  ---------------

OS:
 Windows 10 , 64 bit Build 19041 (10.0.19041.3636)
OS uptime: 9 days 16:45 hours
Hyper-V role detected

CPU: total 12 (initial active 12) (12 cores per cpu, 2 threads per core) family 23 model 96 stepping 1 microcode 0x0, cx8, cmov, fxsr, ht, mmx, 3dnowpref, sse, sse2, sse3, ssse3, sse4a, sse4.1, sse4.2, popcnt, lzcnt, tsc, tscinvbit, avx, avx2, aes, clmul, bmi1, bmi2, adx, sha, fma, vzeroupper, clflush, clflushopt, hv

Memory: 4k page, system-wide physical 15741M (570M free)
TotalPageFile size 37124M (AvailPageFile size 214M)
current process WorkingSet (physical memory assigned to process): 639M, peak: 650M
current process commit charge ("private bytes"): 687M, peak: 1097M

vm_info: Java HotSpot(TM) 64-Bit Server VM (17.0.9+11-LTS-201) for windows-amd64 JRE (17.0.9+11-LTS-201), built on Oct 10 2023 23:16:06 by "mach5one" with MS VC++ 17.1 (VS2022)

END.
